This is pdfTeX, Version 3.1415926-1.40.10 (MiKTeX 2.8) (preloaded format=pdflatex 2018.10.11)  7 MAY 2020 20:35
entering extended mode
**command1.tex
(C:\Users\renan\Desktop\new\commands\command1.tex
LaTeX2e <2011/06/27>
Babel <v3.8m> and hyphenation patterns for english, dumylang, nohyphenation, ge
rman, ngerman, german-x-2009-06-19, ngerman-x-2009-06-19, french, loaded.
("C:\Program Files (x86)\MiKTeX 2.8\tex\latex\base\article.cls"
Document Class: article 2007/10/19 v1.4h Standard LaTeX document class
("C:\Program Files (x86)\MiKTeX 2.8\tex\latex\base\size12.clo"
File: size12.clo 2007/10/19 v1.4h Standard LaTeX file (size option)
)
\c@part=\count79
\c@section=\count80
\c@subsection=\count81
\c@subsubsection=\count82
\c@paragraph=\count83
\c@subparagraph=\count84
\c@figure=\count85
\c@table=\count86
\abovecaptionskip=\skip41
\belowcaptionskip=\skip42
\bibindent=\dimen102
)
(C:\Users\renan\Desktop\new\commands\config.sty
Package: config 

("C:\Program Files (x86)\MiKTeX 2.8\tex\latex\geometry\geometry.sty"
Package: geometry 2010/09/12 v5.6 Page Geometry

("C:\Program Files (x86)\MiKTeX 2.8\tex\latex\graphics\keyval.sty"
Package: keyval 1999/03/16 v1.13 key=value parser (DPC)
\KV@toks@=\toks14
)
("C:\Program Files (x86)\MiKTeX 2.8\tex\generic\oberdiek\ifpdf.sty"
Package: ifpdf 2011/01/30 v2.3 Provides the ifpdf switch (HO)
Package ifpdf Info: pdfTeX in PDF mode is detected.
)
("C:\Program Files (x86)\MiKTeX 2.8\tex\generic\oberdiek\ifvtex.sty"
Package: ifvtex 2010/03/01 v1.5 Switches for detecting VTeX and its modes (HO)
Package ifvtex Info: VTeX not detected.
)
("C:\Program Files (x86)\MiKTeX 2.8\tex\generic\ifxetex\ifxetex.sty"
Package: ifxetex 2010/09/12 v0.6 Provides ifxetex conditional
)
\Gm@cnth=\count87
\Gm@cntv=\count88
\c@Gm@tempcnt=\count89
\Gm@bindingoffset=\dimen103
\Gm@wd@mp=\dimen104
\Gm@odd@mp=\dimen105
\Gm@even@mp=\dimen106
\Gm@layoutwidth=\dimen107
\Gm@layoutheight=\dimen108
\Gm@layouthoffset=\dimen109
\Gm@layoutvoffset=\dimen110
\Gm@dimlist=\toks15

("C:\Program Files (x86)\MiKTeX 2.8\tex\latex\geometry\geometry.cfg"))
("C:\Program Files (x86)\MiKTeX 2.8\tex\latex\base\inputenc.sty"
Package: inputenc 2008/03/30 v1.1d Input encoding file
\inpenc@prehook=\toks16
\inpenc@posthook=\toks17

("C:\Program Files (x86)\MiKTeX 2.8\tex\latex\base\utf8.def"
File: utf8.def 2008/04/05 v1.1m UTF-8 support for inputenc
Now handling font encoding OML ...
... no UTF-8 mapping file for font encoding OML
Now handling font encoding T1 ...
... processing UTF-8 mapping file for font encoding T1

("C:\Program Files (x86)\MiKTeX 2.8\tex\latex\base\t1enc.dfu"
File: t1enc.dfu 2008/04/05 v1.1m UTF-8 support for inputenc
   defining Unicode char U+00A1 (decimal 161)
   defining Unicode char U+00A3 (decimal 163)
   defining Unicode char U+00AB (decimal 171)
   defining Unicode char U+00BB (decimal 187)
   defining Unicode char U+00BF (decimal 191)
   defining Unicode char U+00C0 (decimal 192)
   defining Unicode char U+00C1 (decimal 193)
   defining Unicode char U+00C2 (decimal 194)
   defining Unicode char U+00C3 (decimal 195)
   defining Unicode char U+00C4 (decimal 196)
   defining Unicode char U+00C5 (decimal 197)
   defining Unicode char U+00C6 (decimal 198)
   defining Unicode char U+00C7 (decimal 199)
   defining Unicode char U+00C8 (decimal 200)
   defining Unicode char U+00C9 (decimal 201)
   defining Unicode char U+00CA (decimal 202)
   defining Unicode char U+00CB (decimal 203)
   defining Unicode char U+00CC (decimal 204)
   defining Unicode char U+00CD (decimal 205)
   defining Unicode char U+00CE (decimal 206)
   defining Unicode char U+00CF (decimal 207)
   defining Unicode char U+00D0 (decimal 208)
   defining Unicode char U+00D1 (decimal 209)
   defining Unicode char U+00D2 (decimal 210)
   defining Unicode char U+00D3 (decimal 211)
   defining Unicode char U+00D4 (decimal 212)
   defining Unicode char U+00D5 (decimal 213)
   defining Unicode char U+00D6 (decimal 214)
   defining Unicode char U+00D8 (decimal 216)
   defining Unicode char U+00D9 (decimal 217)
   defining Unicode char U+00DA (decimal 218)
   defining Unicode char U+00DB (decimal 219)
   defining Unicode char U+00DC (decimal 220)
   defining Unicode char U+00DD (decimal 221)
   defining Unicode char U+00DE (decimal 222)
   defining Unicode char U+00DF (decimal 223)
   defining Unicode char U+00E0 (decimal 224)
   defining Unicode char U+00E1 (decimal 225)
   defining Unicode char U+00E2 (decimal 226)
   defining Unicode char U+00E3 (decimal 227)
   defining Unicode char U+00E4 (decimal 228)
   defining Unicode char U+00E5 (decimal 229)
   defining Unicode char U+00E6 (decimal 230)
   defining Unicode char U+00E7 (decimal 231)
   defining Unicode char U+00E8 (decimal 232)
   defining Unicode char U+00E9 (decimal 233)
   defining Unicode char U+00EA (decimal 234)
   defining Unicode char U+00EB (decimal 235)
   defining Unicode char U+00EC (decimal 236)
   defining Unicode char U+00ED (decimal 237)
   defining Unicode char U+00EE (decimal 238)
   defining Unicode char U+00EF (decimal 239)
   defining Unicode char U+00F0 (decimal 240)
   defining Unicode char U+00F1 (decimal 241)
   defining Unicode char U+00F2 (decimal 242)
   defining Unicode char U+00F3 (decimal 243)
   defining Unicode char U+00F4 (decimal 244)
   defining Unicode char U+00F5 (decimal 245)
   defining Unicode char U+00F6 (decimal 246)
   defining Unicode char U+00F8 (decimal 248)
   defining Unicode char U+00F9 (decimal 249)
   defining Unicode char U+00FA (decimal 250)
   defining Unicode char U+00FB (decimal 251)
   defining Unicode char U+00FC (decimal 252)
   defining Unicode char U+00FD (decimal 253)
   defining Unicode char U+00FE (decimal 254)
   defining Unicode char U+00FF (decimal 255)
   defining Unicode char U+0102 (decimal 258)
   defining Unicode char U+0103 (decimal 259)
   defining Unicode char U+0104 (decimal 260)
   defining Unicode char U+0105 (decimal 261)
   defining Unicode char U+0106 (decimal 262)
   defining Unicode char U+0107 (decimal 263)
   defining Unicode char U+010C (decimal 268)
   defining Unicode char U+010D (decimal 269)
   defining Unicode char U+010E (decimal 270)
   defining Unicode char U+010F (decimal 271)
   defining Unicode char U+0110 (decimal 272)
   defining Unicode char U+0111 (decimal 273)
   defining Unicode char U+0118 (decimal 280)
   defining Unicode char U+0119 (decimal 281)
   defining Unicode char U+011A (decimal 282)
   defining Unicode char U+011B (decimal 283)
   defining Unicode char U+011E (decimal 286)
   defining Unicode char U+011F (decimal 287)
   defining Unicode char U+0130 (decimal 304)
   defining Unicode char U+0131 (decimal 305)
   defining Unicode char U+0132 (decimal 306)
   defining Unicode char U+0133 (decimal 307)
   defining Unicode char U+0139 (decimal 313)
   defining Unicode char U+013A (decimal 314)
   defining Unicode char U+013D (decimal 317)
   defining Unicode char U+013E (decimal 318)
   defining Unicode char U+0141 (decimal 321)
   defining Unicode char U+0142 (decimal 322)
   defining Unicode char U+0143 (decimal 323)
   defining Unicode char U+0144 (decimal 324)
   defining Unicode char U+0147 (decimal 327)
   defining Unicode char U+0148 (decimal 328)
   defining Unicode char U+014A (decimal 330)
   defining Unicode char U+014B (decimal 331)
   defining Unicode char U+0150 (decimal 336)
   defining Unicode char U+0151 (decimal 337)
   defining Unicode char U+0152 (decimal 338)
   defining Unicode char U+0153 (decimal 339)
   defining Unicode char U+0154 (decimal 340)
   defining Unicode char U+0155 (decimal 341)
   defining Unicode char U+0158 (decimal 344)
   defining Unicode char U+0159 (decimal 345)
   defining Unicode char U+015A (decimal 346)
   defining Unicode char U+015B (decimal 347)
   defining Unicode char U+015E (decimal 350)
   defining Unicode char U+015F (decimal 351)
   defining Unicode char U+0160 (decimal 352)
   defining Unicode char U+0161 (decimal 353)
   defining Unicode char U+0162 (decimal 354)
   defining Unicode char U+0163 (decimal 355)
   defining Unicode char U+0164 (decimal 356)
   defining Unicode char U+0165 (decimal 357)
   defining Unicode char U+016E (decimal 366)
   defining Unicode char U+016F (decimal 367)
   defining Unicode char U+0170 (decimal 368)
   defining Unicode char U+0171 (decimal 369)
   defining Unicode char U+0178 (decimal 376)
   defining Unicode char U+0179 (decimal 377)
   defining Unicode char U+017A (decimal 378)
   defining Unicode char U+017B (decimal 379)
   defining Unicode char U+017C (decimal 380)
   defining Unicode char U+017D (decimal 381)
   defining Unicode char U+017E (decimal 382)
   defining Unicode char U+200C (decimal 8204)
   defining Unicode char U+2013 (decimal 8211)
   defining Unicode char U+2014 (decimal 8212)
   defining Unicode char U+2018 (decimal 8216)
   defining Unicode char U+2019 (decimal 8217)
   defining Unicode char U+201A (decimal 8218)
   defining Unicode char U+201C (decimal 8220)
   defining Unicode char U+201D (decimal 8221)
   defining Unicode char U+201E (decimal 8222)
   defining Unicode char U+2030 (decimal 8240)
   defining Unicode char U+2031 (decimal 8241)
   defining Unicode char U+2039 (decimal 8249)
   defining Unicode char U+203A (decimal 8250)
   defining Unicode char U+2423 (decimal 9251)
)
Now handling font encoding OT1 ...
... processing UTF-8 mapping file for font encoding OT1

("C:\Program Files (x86)\MiKTeX 2.8\tex\latex\base\ot1enc.dfu"
File: ot1enc.dfu 2008/04/05 v1.1m UTF-8 support for inputenc
   defining Unicode char U+00A1 (decimal 161)
   defining Unicode char U+00A3 (decimal 163)
   defining Unicode char U+00B8 (decimal 184)
   defining Unicode char U+00BF (decimal 191)
   defining Unicode char U+00C5 (decimal 197)
   defining Unicode char U+00C6 (decimal 198)
   defining Unicode char U+00D8 (decimal 216)
   defining Unicode char U+00DF (decimal 223)
   defining Unicode char U+00E6 (decimal 230)
   defining Unicode char U+00EC (decimal 236)
   defining Unicode char U+00ED (decimal 237)
   defining Unicode char U+00EE (decimal 238)
   defining Unicode char U+00EF (decimal 239)
   defining Unicode char U+00F8 (decimal 248)
   defining Unicode char U+0131 (decimal 305)
   defining Unicode char U+0141 (decimal 321)
   defining Unicode char U+0142 (decimal 322)
   defining Unicode char U+0152 (decimal 338)
   defining Unicode char U+0153 (decimal 339)
   defining Unicode char U+2013 (decimal 8211)
   defining Unicode char U+2014 (decimal 8212)
   defining Unicode char U+2018 (decimal 8216)
   defining Unicode char U+2019 (decimal 8217)
   defining Unicode char U+201C (decimal 8220)
   defining Unicode char U+201D (decimal 8221)
)
Now handling font encoding OMS ...
... processing UTF-8 mapping file for font encoding OMS

("C:\Program Files (x86)\MiKTeX 2.8\tex\latex\base\omsenc.dfu"
File: omsenc.dfu 2008/04/05 v1.1m UTF-8 support for inputenc
   defining Unicode char U+00A7 (decimal 167)
   defining Unicode char U+00B6 (decimal 182)
   defining Unicode char U+00B7 (decimal 183)
   defining Unicode char U+2020 (decimal 8224)
   defining Unicode char U+2021 (decimal 8225)
   defining Unicode char U+2022 (decimal 8226)
)
Now handling font encoding OMX ...
... no UTF-8 mapping file for font encoding OMX
Now handling font encoding U ...
... no UTF-8 mapping file for font encoding U
   defining Unicode char U+00A9 (decimal 169)
   defining Unicode char U+00AA (decimal 170)
   defining Unicode char U+00AE (decimal 174)
   defining Unicode char U+00BA (decimal 186)
   defining Unicode char U+02C6 (decimal 710)
   defining Unicode char U+02DC (decimal 732)
   defining Unicode char U+200C (decimal 8204)
   defining Unicode char U+2026 (decimal 8230)
   defining Unicode char U+2122 (decimal 8482)
   defining Unicode char U+2423 (decimal 9251)
))
("C:\Program Files (x86)\MiKTeX 2.8\tex\latex\base\fontenc.sty"
Package: fontenc 2005/09/27 v1.99g Standard LaTeX package

("C:\Program Files (x86)\MiKTeX 2.8\tex\latex\base\t1enc.def"
File: t1enc.def 2005/09/27 v1.99g Standard LaTeX file
LaTeX Font Info:    Redeclaring font encoding T1 on input line 43.
))
("C:\Program Files (x86)\MiKTeX 2.8\tex\generic\babel\babel.sty"
Package: babel 2008/07/08 v3.8m The Babel package

*************************************
* Local config file bblopts.cfg used
*
("C:\Program Files (x86)\MiKTeX 2.8\tex\latex\00miktex\bblopts.cfg"
File: bblopts.cfg 2006/07/31 v1.0 MiKTeX 'babel' configuration
)
("C:\Program Files (x86)\MiKTeX 2.8\tex\generic\babel\portuges.ldf"
Language: portuges 2008/03/18 v1.2q Portuguese support from the babel system

("C:\Program Files (x86)\MiKTeX 2.8\tex\generic\babel\babel.def"
File: babel.def 2008/07/08 v3.8m Babel common definitions
\babel@savecnt=\count90
\U@D=\dimen111
)

Package babel Warning: No hyphenation patterns were loaded for
(babel)                the language `Portuguese'
(babel)                I will use the patterns loaded for \language=0 instead.

\l@portuges = a dialect from \language0
Package babel Info: Making " an active character on input line 145.
)) ("C:\Program Files (x86)\MiKTeX 2.8\tex\latex\tools\indentfirst.sty"
Package: indentfirst 1995/11/23 v1.03 Indent first paragraph (DPC)
)
("C:\Program Files (x86)\MiKTeX 2.8\tex\latex\ams\math\amsmath.sty"
Package: amsmath 2000/07/18 v2.13 AMS math features
\@mathmargin=\skip43

For additional information on amsmath, use the `?' option.
("C:\Program Files (x86)\MiKTeX 2.8\tex\latex\ams\math\amstext.sty"
Package: amstext 2000/06/29 v2.01

("C:\Program Files (x86)\MiKTeX 2.8\tex\latex\ams\math\amsgen.sty"
File: amsgen.sty 1999/11/30 v2.0
\@emptytoks=\toks18
\ex@=\dimen112
))
("C:\Program Files (x86)\MiKTeX 2.8\tex\latex\ams\math\amsbsy.sty"
Package: amsbsy 1999/11/29 v1.2d
\pmbraise@=\dimen113
)
("C:\Program Files (x86)\MiKTeX 2.8\tex\latex\ams\math\amsopn.sty"
Package: amsopn 1999/12/14 v2.01 operator names
)
\inf@bad=\count91
LaTeX Info: Redefining \frac on input line 211.
\uproot@=\count92
\leftroot@=\count93
LaTeX Info: Redefining \overline on input line 307.
\classnum@=\count94
\DOTSCASE@=\count95
LaTeX Info: Redefining \ldots on input line 379.
LaTeX Info: Redefining \dots on input line 382.
LaTeX Info: Redefining \cdots on input line 467.
\Mathstrutbox@=\box26
\strutbox@=\box27
\big@size=\dimen114
LaTeX Font Info:    Redeclaring font encoding OML on input line 567.
LaTeX Font Info:    Redeclaring font encoding OMS on input line 568.
\macc@depth=\count96
\c@MaxMatrixCols=\count97
\dotsspace@=\muskip10
\c@parentequation=\count98
\dspbrk@lvl=\count99
\tag@help=\toks19
\row@=\count100
\column@=\count101
\maxfields@=\count102
\andhelp@=\toks20
\eqnshift@=\dimen115
\alignsep@=\dimen116
\tagshift@=\dimen117
\tagwidth@=\dimen118
\totwidth@=\dimen119
\lineht@=\dimen120
\@envbody=\toks21
\multlinegap=\skip44
\multlinetaggap=\skip45
\mathdisplay@stack=\toks22
LaTeX Info: Redefining \[ on input line 2666.
LaTeX Info: Redefining \] on input line 2667.
)
("C:\Program Files (x86)\MiKTeX 2.8\tex\latex\amsfonts\amsfonts.sty"
Package: amsfonts 2009/06/22 v3.00 Basic AMSFonts support
\symAMSa=\mathgroup4
\symAMSb=\mathgroup5
LaTeX Font Info:    Overwriting math alphabet `\mathfrak' in version `bold'
(Font)                  U/euf/m/n --> U/euf/b/n on input line 96.
)
("C:\Program Files (x86)\MiKTeX 2.8\tex\latex\amsfonts\amssymb.sty"
Package: amssymb 2009/06/22 v3.00
)
("C:\Program Files (x86)\MiKTeX 2.8\tex\latex\listings\listings.sty"
\lst@mode=\count103
\lst@gtempboxa=\box28
\lst@token=\toks23
\lst@length=\count104
\lst@currlwidth=\dimen121
\lst@column=\count105
\lst@pos=\count106
\lst@lostspace=\dimen122
\lst@width=\dimen123
\lst@newlines=\count107
\lst@lineno=\count108
\lst@maxwidth=\dimen124

("C:\Program Files (x86)\MiKTeX 2.8\tex\latex\listings\lstmisc.sty"
File: lstmisc.sty 2007/02/22 1.4 (Carsten Heinz)
\c@lstnumber=\count109
\lst@skipnumbers=\count110
\lst@framebox=\box29
)
("C:\Program Files (x86)\MiKTeX 2.8\tex\latex\listings\listings.cfg"
File: listings.cfg 2007/02/22 1.4 listings configuration
))
Package: listings 2007/02/22 1.4 (Carsten Heinz)

("C:\Program Files (x86)\MiKTeX 2.8\tex\latex\xcolor\xcolor.sty"
Package: xcolor 2007/01/21 v2.11 LaTeX color extensions (UK)

("C:\Program Files (x86)\MiKTeX 2.8\tex\latex\00miktex\color.cfg"
File: color.cfg 2007/01/18 v1.5 color configuration of teTeX/TeXLive
)
Package xcolor Info: Driver file: pdftex.def on input line 225.

("C:\Program Files (x86)\MiKTeX 2.8\tex\latex\pdftex-def\pdftex.def"
File: pdftex.def 2011/05/27 v0.06d Graphics/color for pdfTeX

("C:\Program Files (x86)\MiKTeX 2.8\tex\generic\oberdiek\infwarerr.sty"
Package: infwarerr 2010/04/08 v1.3 Providing info/warning/message (HO)
)
("C:\Program Files (x86)\MiKTeX 2.8\tex\generic\oberdiek\ltxcmds.sty"
Package: ltxcmds 2011/04/18 v1.20 LaTeX kernel commands for general use (HO)
)
\Gread@gobject=\count111
)
Package xcolor Info: Model `cmy' substituted by `cmy0' on input line 1337.
Package xcolor Info: Model `hsb' substituted by `rgb' on input line 1341.
Package xcolor Info: Model `RGB' extended on input line 1353.
Package xcolor Info: Model `HTML' substituted by `rgb' on input line 1355.
Package xcolor Info: Model `Hsb' substituted by `hsb' on input line 1356.
Package xcolor Info: Model `tHsb' substituted by `hsb' on input line 1357.
Package xcolor Info: Model `HSB' substituted by `hsb' on input line 1358.
Package xcolor Info: Model `Gray' substituted by `gray' on input line 1359.
Package xcolor Info: Model `wave' substituted by `hsb' on input line 1360.
)
("C:\Program Files (x86)\MiKTeX 2.8\tex\latex\graphics\graphicx.sty"
Package: graphicx 1999/02/16 v1.0f Enhanced LaTeX Graphics (DPC,SPQR)

("C:\Program Files (x86)\MiKTeX 2.8\tex\latex\graphics\graphics.sty"
Package: graphics 2009/02/05 v1.0o Standard LaTeX Graphics (DPC,SPQR)

("C:\Program Files (x86)\MiKTeX 2.8\tex\latex\graphics\trig.sty"
Package: trig 1999/03/16 v1.09 sin cos tan (DPC)
)
("C:\Program Files (x86)\MiKTeX 2.8\tex\latex\00miktex\graphics.cfg"
File: graphics.cfg 2007/01/18 v1.5 graphics configuration of teTeX/TeXLive
)
Package graphics Info: Driver file: pdftex.def on input line 91.
)
\Gin@req@height=\dimen125
\Gin@req@width=\dimen126
))
(C:\Users\renan\Desktop\new\commands\command1.aux

LaTeX Warning: Label `parabola' multiply defined.


LaTeX Warning: Label `parabola' multiply defined.


LaTeX Warning: Label `parabola' multiply defined.


LaTeX Warning: Label `parabola' multiply defined.


LaTeX Warning: Label `parabola' multiply defined.


LaTeX Warning: Label `parabola' multiply defined.


LaTeX Warning: Label `parabola' multiply defined.


LaTeX Warning: Label `parabola' multiply defined.

)
LaTeX Font Info:    Checking defaults for OML/cmm/m/it on input line 4.
LaTeX Font Info:    ... okay on input line 4.
LaTeX Font Info:    Checking defaults for T1/cmr/m/n on input line 4.
LaTeX Font Info:    ... okay on input line 4.
LaTeX Font Info:    Checking defaults for OT1/cmr/m/n on input line 4.
LaTeX Font Info:    ... okay on input line 4.
LaTeX Font Info:    Checking defaults for OMS/cmsy/m/n on input line 4.
LaTeX Font Info:    ... okay on input line 4.
LaTeX Font Info:    Checking defaults for OMX/cmex/m/n on input line 4.
LaTeX Font Info:    ... okay on input line 4.
LaTeX Font Info:    Checking defaults for U/cmr/m/n on input line 4.
LaTeX Font Info:    ... okay on input line 4.

*geometry* driver: auto-detecting
*geometry* detected driver: pdftex
*geometry* verbose mode - [ preamble ] result:
* driver: pdftex
* paper: a4paper
* layout: <same size as paper>
* layoutoffset:(h,v)=(0.0pt,0.0pt)
* modes: 
* h-part:(L,W,R)=(85.35826pt, 426.79135pt, 85.35826pt)
* v-part:(T,H,B)=(85.35826pt, 702.78308pt, 56.9055pt)
* \paperwidth=597.50787pt
* \paperheight=845.04684pt
* \textwidth=426.79135pt
* \textheight=702.78308pt
* \oddsidemargin=13.08827pt
* \evensidemargin=13.08827pt
* \topmargin=-23.91173pt
* \headheight=12.0pt
* \headsep=25.0pt
* \topskip=12.0pt
* \footskip=30.0pt
* \marginparwidth=35.0pt
* \marginparsep=10.0pt
* \columnsep=10.0pt
* \skip\footins=10.8pt plus 4.0pt minus 2.0pt
* \hoffset=0.0pt
* \voffset=0.0pt
* \mag=1000
* \@twocolumnfalse
* \@twosidefalse
* \@mparswitchfalse
* \@reversemarginfalse
* (1in=72.27pt=25.4mm, 1cm=28.453pt)

\c@lstlisting=\count112
("C:\Program Files (x86)\MiKTeX 2.8\tex\context\base\supp-pdf.mkii"
[Loading MPS to PDF converter (version 2006.09.02).]
\scratchcounter=\count113
\scratchdimen=\dimen127
\scratchbox=\box30
\nofMPsegments=\count114
\nofMParguments=\count115
\everyMPshowfont=\toks24
\MPscratchCnt=\count116
\MPscratchDim=\dimen128
\MPnumerator=\count117
\makeMPintoPDFobject=\count118
\everyMPtoPDFconversion=\toks25
)
LaTeX Font Info:    Try loading font information for OMS+cmr on input line 12.
 ("C:\Program Files (x86)\MiKTeX 2.8\tex\latex\base\omscmr.fd"
File: omscmr.fd 1999/05/25 v2.5h Standard LaTeX font definitions
)
LaTeX Font Info:    Font shape `OMS/cmr/m/n' in size <12> not available
(Font)              Font shape `OMS/cmsy/m/n' tried instead on input line 12.
LaTeX Font Info:    Try loading font information for T1+cmtt on input line 14.

("C:\Program Files (x86)\MiKTeX 2.8\tex\latex\base\t1cmtt.fd"
File: t1cmtt.fd 1999/05/25 v2.5h Standard LaTeX font definitions
)
LaTeX Font Info:    Try loading font information for U+msa on input line 25.

("C:\Program Files (x86)\MiKTeX 2.8\tex\latex\amsfonts\umsa.fd"
File: umsa.fd 2009/06/22 v3.00 AMS symbols A
)
LaTeX Font Info:    Try loading font information for U+msb on input line 25.

("C:\Program Files (x86)\MiKTeX 2.8\tex\latex\amsfonts\umsb.fd"
File: umsb.fd 2009/06/22 v3.00 AMS symbols B
)
("C:\Program Files (x86)\MiKTeX 2.8\tex\latex\listings\lstlang1.sty"
File: lstlang1.sty 2004/09/05 1.3 listings language file
)
("C:\Program Files (x86)\MiKTeX 2.8\tex\latex\listings\lstlang1.sty"
File: lstlang1.sty 2004/09/05 1.3 listings language file
)
("C:\Program Files (x86)\MiKTeX 2.8\tex\latex\listings\lstlang1.sty"
File: lstlang1.sty 2004/09/05 1.3 listings language file
)

pdfTeX warning: pdflatex (file C:/Users/renan/Desktop/new/commands/images/parab
ola.pdf): PDF inclusion: found PDF version <1.5>, but at most version <1.4> all
owed
<images/parabola.pdf, id=1, 542.025pt x 337.26pt>
File: images/parabola.pdf Graphic file (type pdf)
 <use images/parabola.pdf>
Package pdftex.def Info: images/parabola.pdf used on input line 41.
(pdftex.def)             Requested size: 271.01183pt x 168.62958pt.

[1

{C:/ProgramData/MiKTeX/2.8/pdftex/config/pdftex.map} <C:/Users/renan/Desktop/ne
w/commands/images/parabola.pdf>]

pdfTeX warning: pdflatex (file C:/Users/renan/Desktop/new/commands/images/parab
ola3d.pdf): PDF inclusion: found PDF version <1.5>, but at most version <1.4> a
llowed
<images/parabola3d.pdf, id=31, 542.025pt x 355.3275pt>
File: images/parabola3d.pdf Graphic file (type pdf)

<use images/parabola3d.pdf>
Package pdftex.def Info: images/parabola3d.pdf used on input line 61.
(pdftex.def)             Requested size: 325.2175pt x 213.19814pt.


pdfTeX warning: pdflatex (file C:/Users/renan/Desktop/new/commands/images/parab
ola3dtop.pdf): PDF inclusion: found PDF version <1.5>, but at most version <1.4
> allowed
<images/parabola3dtop.pdf, id=33, 542.025pt x 355.3275pt>
File: images/parabola3dtop.pdf Graphic file (type pdf)

<use images/parabola3dtop.pdf>
Package pdftex.def Info: images/parabola3dtop.pdf used on input line 68.
(pdftex.def)             Requested size: 298.11467pt x 195.43071pt.
 [2 <C:/Users/renan/Desktop/new/commands/images/parabola3d.pdf> <C:/Users/renan
/Desktop/new/commands/images/parabola3dtop.pdf>]

pdfTeX warning: pdflatex (file C:/Users/renan/Desktop/new/commands/images/parab
ola3dfront.pdf): PDF inclusion: found PDF version <1.5>, but at most version <1
.4> allowed
<images/parabola3dfront.pdf, id=49, 532.99126pt x 227.85126pt>
File: images/parabola3dfront.pdf Graphic file (type pdf)

<use images/parabola3dfront.pdf>
Package pdftex.def Info: images/parabola3dfront.pdf used on input line 77.
(pdftex.def)             Requested size: 293.1461pt x 125.31857pt.

Overfull \hbox (0.79999pt too wide) in paragraph at lines 89--90
[]\T1/cmr/m/n/12 Permite ed-i-tar a pro-porção en-tre os eixos do grá-fico. Ima
g-ine que quisésse-
 []



pdfTeX warning: pdflatex (file C:/Users/renan/Desktop/new/commands/images/aspec
thalf.pdf): PDF inclusion: found PDF version <1.5>, but at most version <1.4> a
llowed
<images/aspecthalf.pdf, id=51, 433.62pt x 223.83624pt>
File: images/aspecthalf.pdf Graphic file (type pdf)

<use images/aspecthalf.pdf>
Package pdftex.def Info: images/aspecthalf.pdf used on input line 98.
(pdftex.def)             Requested size: 238.49173pt x 123.1103pt.
 [3 <C:/Users/renan/Desktop/new/commands/images/parabola3dfront.pdf> <C:/Users/
renan/Desktop/new/commands/images/aspecthalf.pdf>]

pdfTeX warning: pdflatex (file C:/Users/renan/Desktop/new/commands/images/aspec
tdouble.pdf): PDF inclusion: found PDF version <1.5>, but at most version <1.4>
 allowed
<images/aspectdouble.pdf, id=74, 271.0125pt x 519.9425pt>
File: images/aspectdouble.pdf Graphic file (type pdf)

<use images/aspectdouble.pdf>
Package pdftex.def Info: images/aspectdouble.pdf used on input line 110.
(pdftex.def)             Requested size: 149.05733pt x 285.96925pt.


pdfTeX warning: pdflatex (file C:/Users/renan/Desktop/new/commands/images/magen
ta.pdf): PDF inclusion: found PDF version <1.5>, but at most version <1.4> allo
wed
<images/magenta.pdf, id=76, 433.62pt x 223.83624pt>
File: images/magenta.pdf Graphic file (type pdf)
 <use images/magenta.pdf>
Package pdftex.def Info: images/magenta.pdf used on input line 130.
(pdftex.def)             Requested size: 238.49173pt x 123.1103pt.


pdfTeX warning: pdflatex (file C:/Users/renan/Desktop/new/commands/images/grid.
pdf): PDF inclusion: found PDF version <1.5>, but at most version <1.4> allowed

<images/grid.pdf, id=78, 433.62pt x 223.83624pt>
File: images/grid.pdf Graphic file (type pdf)
 <use images/grid.pdf>
Package pdftex.def Info: images/grid.pdf used on input line 144.
(pdftex.def)             Requested size: 238.49173pt x 123.1103pt.


LaTeX Warning: `!h' float specifier changed to `!ht'.

[4 <C:/Users/renan/Desktop/new/commands/images/aspectdouble.pdf> <C:/Users/rena
n/Desktop/new/commands/images/magenta.pdf>]

pdfTeX warning: pdflatex (file C:/Users/renan/Desktop/new/commands/images/gridS
tyle.pdf): PDF inclusion: found PDF version <1.5>, but at most version <1.4> al
lowed
<images/gridStyle.pdf, id=109, 433.62pt x 223.83624pt>
File: images/gridStyle.pdf Graphic file (type pdf)

<use images/gridStyle.pdf>
Package pdftex.def Info: images/gridStyle.pdf used on input line 156.
(pdftex.def)             Requested size: 368.57874pt x 190.2617pt.
 [5 <C:/Users/renan/Desktop/new/commands/images/grid.pdf> <C:/Users/renan/Deskt
op/new/commands/images/gridStyle.pdf>]

pdfTeX warning: pdflatex (file C:/Users/renan/Desktop/new/commands/images/boxRa
tios.pdf): PDF inclusion: found PDF version <1.5>, but at most version <1.4> al
lowed
<images/boxRatios.pdf, id=140, 649.42625pt x 720.6925pt>
File: images/boxRatios.pdf Graphic file (type pdf)

<use images/boxRatios.pdf>
Package pdftex.def Info: images/boxRatios.pdf used on input line 178.
(pdftex.def)             Requested size: 227.3026pt x 252.24615pt.


pdfTeX warning: pdflatex (file C:/Users/renan/Desktop/new/commands/images/metad
eboxRatios.pdf): PDF inclusion: found PDF version <1.5>, but at most version <1
.4> allowed
<images/metadeboxRatios.pdf, id=142, 650.43pt x 332.24126pt>
File: images/metadeboxRatios.pdf Graphic file (type pdf)

<use images/metadeboxRatios.pdf>
Package pdftex.def Info: images/metadeboxRatios.pdf used on input line 190.
(pdftex.def)             Requested size: 227.6539pt x 116.28618pt.


pdfTeX warning: pdflatex (file C:/Users/renan/Desktop/new/commands/images/Filli
ng.pdf): PDF inclusion: found PDF version <1.5>, but at most version <1.4> allo
wed
<images/Filling.pdf, id=144, 587.19376pt x 580.1675pt>
File: images/Filling.pdf Graphic file (type pdf)

<use images/Filling.pdf>
Package pdftex.def Info: images/Filling.pdf used on input line 204.
(pdftex.def)             Requested size: 264.23474pt x 261.07295pt.


LaTeX Warning: `!h' float specifier changed to `!ht'.


Overfull \hbox (0.86694pt too wide) in paragraph at lines 208--209
[]\T1/cmr/m/n/12 Aplicando o \T1/cmtt/m/n/12 FillingStyle\T1/cmr/m/n/12 , até e
n-tão não men-cionado pode-mos obter 
 []

[6 <C:/Users/renan/Desktop/new/commands/images/boxRatios.pdf> <C:/Users/renan/D
esktop/new/commands/images/metadeboxRatios.pdf>]

pdfTeX warning: pdflatex (file C:/Users/renan/Desktop/new/commands/images/Filli
ngStyle.pdf): PDF inclusion: found PDF version <1.5>, but at most version <1.4>
 allowed
<images/FillingStyle.pdf, id=159, 658.46pt x 711.65875pt>
File: images/FillingStyle.pdf Graphic file (type pdf)

<use images/FillingStyle.pdf>
Package pdftex.def Info: images/FillingStyle.pdf used on input line 215.
(pdftex.def)             Requested size: 296.30426pt x 320.24347pt.
 [7 <C:/Users/renan/Desktop/new/commands/images/Filling.pdf> <C:/Users/renan/De
sktop/new/commands/images/FillingStyle.pdf>]

pdfTeX warning: pdflatex (file C:/Users/renan/Desktop/new/commands/images/Bound
aryStyle.pdf): PDF inclusion: found PDF version <1.5>, but at most version <1.4
> allowed
<images/BoundaryStyle.pdf, id=175, 735.74875pt x 499.8675pt>
File: images/BoundaryStyle.pdf Graphic file (type pdf)

<use images/BoundaryStyle.pdf>
Package pdftex.def Info: images/BoundaryStyle.pdf used on input line 229.
(pdftex.def)             Requested size: 331.08388pt x 224.9383pt.


pdfTeX warning: pdflatex (file C:/Users/renan/Desktop/new/commands/images/PlotS
tyle3d2.pdf): PDF inclusion: found PDF version <1.5>, but at most version <1.4>
 allowed
<images/PlotStyle3d2.pdf, id=177, 358.33875pt x 794.97pt>
File: images/PlotStyle3d2.pdf Graphic file (type pdf)

<use images/PlotStyle3d2.pdf>
Package pdftex.def Info: images/PlotStyle3d2.pdf used on input line 243.
(pdftex.def)             Requested size: 107.50244pt x 238.49284pt.


pdfTeX warning: pdflatex (file C:/Users/renan/Desktop/new/commands/images/PlotS
tyle3d1.pdf): PDF inclusion: found PDF version <1.5>, but at most version <1.4>
 allowed
<images/PlotStyle3d1.pdf, id=179, 696.6025pt x 493.845pt>
File: images/PlotStyle3d1.pdf Graphic file (type pdf)

<use images/PlotStyle3d1.pdf>
Package pdftex.def Info: images/PlotStyle3d1.pdf used on input line 252.
(pdftex.def)             Requested size: 348.3004pt x 246.92189pt.
 [8 <C:/Users/renan/Desktop/new/commands/images/BoundaryStyle.pdf> <C:/Users/re
nan/Desktop/new/commands/images/PlotStyle3d2.pdf>]

pdfTeX warning: pdflatex (file C:/Users/renan/Desktop/new/commands/images/Conto
urPlot.pdf): PDF inclusion: found PDF version <1.5>, but at most version <1.4> 
allowed
<images/ContourPlot.pdf, id=194, 650.43pt x 634.37pt>
File: images/ContourPlot.pdf Graphic file (type pdf)

<use images/ContourPlot.pdf>
Package pdftex.def Info: images/ContourPlot.pdf used on input line 267.
(pdftex.def)             Requested size: 175.61844pt x 171.28218pt.
 [9 <C:/Users/renan/Desktop/new/commands/images/PlotStyle3d1.pdf> <C:/Users/ren
an/Desktop/new/commands/images/ContourPlot.pdf>]

pdfTeX warning: pdflatex (file C:/Users/renan/Desktop/new/commands/images/Conto
urLabels.pdf): PDF inclusion: found PDF version <1.5>, but at most version <1.4
> allowed
<images/ContourLabels.pdf, id=217, 650.43pt x 634.37pt>
File: images/ContourLabels.pdf Graphic file (type pdf)

<use images/ContourLabels.pdf>
Package pdftex.def Info: images/ContourLabels.pdf used on input line 284.
(pdftex.def)             Requested size: 305.70213pt x 298.15393pt.
 [10 <C:/Users/renan/Desktop/new/commands/images/ContourLabels.pdf>] <images/Co
ntourZero.pdf, id=235, 650.43pt x 634.37pt>
File: images/ContourZero.pdf Graphic file (type pdf)

<use images/ContourZero.pdf>
Package pdftex.def Info: images/ContourZero.pdf used on input line 297.
(pdftex.def)             Requested size: 305.70213pt x 298.15393pt.

Overfull \hbox (0.84859pt too wide) in paragraph at lines 302--303
[]\T1/cmr/m/n/12 Usando esse tópico de ân-cora va-mos falar do \T1/cmtt/m/n/12 
ContourPlot3D\T1/cmr/m/n/12 . Imag-ina se quisésse-
 []



pdfTeX warning: pdflatex (file C:/Users/renan/Desktop/new/commands/images/Conto
urPlot3d.pdf): PDF inclusion: found PDF version <1.5>, but at most version <1.4
> allowed
<images/ContourPlot3d.pdf, id=236, 614.295pt x 683.55376pt>
File: images/ContourPlot3d.pdf Graphic file (type pdf)

<use images/ContourPlot3d.pdf>
Package pdftex.def Info: images/ContourPlot3d.pdf used on input line 311.
(pdftex.def)             Requested size: 184.28992pt x 205.0677pt.

Underfull \hbox (badness 10000) in paragraph at lines 314--315

 []

[11 <C:/Users/renan/Desktop/new/commands/images/ContourZero.pdf (PNG copy)> <C:
/Users/renan/Desktop/new/commands/images/ContourPlot3d.pdf>]
File: images/ContourLabels.pdf Graphic file (type pdf)

<use images/ContourLabels.pdf>
Package pdftex.def Info: images/ContourLabels.pdf used on input line 317.
(pdftex.def)             Requested size: 162.6071pt x 158.5921pt.


pdfTeX warning: pdflatex (file C:/Users/renan/Desktop/new/commands/images/Top3d
Contours.pdf): PDF inclusion: found PDF version <1.5>, but at most version <1.4
> allowed
<images/Top3dContours.pdf, id=246, 614.295pt x 597.23125pt>
File: images/Top3dContours.pdf Graphic file (type pdf)

<use images/Top3dContours.pdf>
Package pdftex.def Info: images/Top3dContours.pdf used on input line 320.
(pdftex.def)             Requested size: 153.57336pt x 149.30743pt.

Overfull \hbox (20.2353pt too wide) in paragraph at lines 316--322
[]$[]$ $[]$ 
 []

File: images/ContourPlot3d.pdf Graphic file (type pdf)
<use images/ContourPlot3d.pdf>
Package pdftex.def Info: images/ContourPlot3d.pdf used on input line 330.
(pdftex.def)             Requested size: 153.57336pt x 170.88802pt.


pdfTeX warning: pdflatex (file C:/Users/renan/Desktop/new/commands/images/Conto
urRed.pdf): PDF inclusion: found PDF version <1.5>, but at most version <1.4> a
llowed
<images/ContourRed.pdf, id=248, 614.295pt x 684.5575pt>
File: images/ContourRed.pdf Graphic file (type pdf)

<use images/ContourRed.pdf>
Package pdftex.def Info: images/ContourRed.pdf used on input line 333.
(pdftex.def)             Requested size: 153.57336pt x 171.13895pt.

Overfull \hbox (20.2353pt too wide) in paragraph at lines 329--335
[]$[]$ $[]$ 
 []



pdfTeX warning: pdflatex (file C:/Users/renan/Desktop/new/commands/images/Junto
s.pdf): PDF inclusion: found PDF version <1.5>, but at most version <1.4> allow
ed
<images/Juntos.pdf, id=250, 610.28pt x 617.30624pt>
File: images/Juntos.pdf Graphic file (type pdf)
 <use images/Juntos.pdf>
Package pdftex.def Info: images/Juntos.pdf used on input line 344.
(pdftex.def)             Requested size: 146.47018pt x 148.15652pt.

[12 <C:/Users/renan/Desktop/new/commands/images/Top3dContours.pdf> <C:/Users/re
nan/Desktop/new/commands/images/ContourRed.pdf> <C:/Users/renan/Desktop/new/com
mands/images/Juntos.pdf>]

pdfTeX warning: pdflatex (file C:/Users/renan/Desktop/new/commands/images/Toget
her.pdf): PDF inclusion: found PDF version <1.5>, but at most version <1.4> all
owed
<images/Together.pdf, id=270, 614.295pt x 683.55376pt>
File: images/Together.pdf Graphic file (type pdf)

<use images/Together.pdf>
Package pdftex.def Info: images/Together.pdf used on input line 366.
(pdftex.def)             Requested size: 307.14674pt x 341.77605pt.
 [13 <C:/Users/renan/Desktop/new/commands/images/Together.pdf>] (C:\Users\renan
\Desktop\new\commands\command1.aux)

LaTeX Warning: There were multiply-defined labels.

 ) 
Here is how much of TeX's memory you used:
 7561 strings out of 495285
 104951 string characters out of 3180056
 371359 words of memory out of 3000000
 10651 multiletter control sequences out of 15000+200000
 14981 words of font info for 42 fonts, out of 3000000 for 9000
 14 hyphenation exceptions out of 8191
 39i,7n,60p,561b,3134s stack positions out of 5000i,500n,10000p,200000b,50000s
{C:/Program Files (x86)/MiKTeX 2.8/fonts/enc/dvips/cm-super/cm-super-t1.enc}<
C:/Program Files (x86)/MiKTeX 2.8/fonts/type1/public/amsfonts/cm/cmmi12.pfb><C:
/Program Files (x86)/MiKTeX 2.8/fonts/type1/public/amsfonts/cm/cmr12.pfb><C:/Pr
ogram Files (x86)/MiKTeX 2.8/fonts/type1/public/amsfonts/cm/cmr8.pfb><C:/Progra
m Files (x86)/MiKTeX 2.8/fonts/type1/public/amsfonts/cm/cmsy10.pfb><C:/Program 
Files (x86)/MiKTeX 2.8/fonts/type1/public/cm-super/sfbx1200.pfb><C:/Program Fil
es (x86)/MiKTeX 2.8/fonts/type1/public/cm-super/sfbx1728.pfb><C:/Program Files 
(x86)/MiKTeX 2.8/fonts/type1/public/cm-super/sfrm0600.pfb><C:/Program Files (x8
6)/MiKTeX 2.8/fonts/type1/public/cm-super/sfrm1200.pfb><C:/Program Files (x86)/
MiKTeX 2.8/fonts/type1/public/cm-super/sfrm2488.pfb><C:/Program Files (x86)/MiK
TeX 2.8/fonts/type1/public/cm-super/sfti1200.pfb><C:/Program Files (x86)/MiKTeX
 2.8/fonts/type1/public/cm-super/sftt1000.pfb><C:/Program Files (x86)/MiKTeX 2.
8/fonts/type1/public/cm-super/sftt1200.pfb>
Output written on command1.pdf (13 pages, 9438144 bytes).
PDF statistics:
 320 PDF objects out of 1000 (max. 8388607)
 0 named destinations out of 1000 (max. 500000)
 121 words of extra memory for PDF output out of 10000 (max. 10000000)

